{"/Users/aimemalaika/Documents/Microverse/testing-practice/index.js": {"path":"/Users/aimemalaika/Documents/Microverse/testing-practice/index.js","statementMap":{"0":{"start":{"line":1,"column":28},"end":{"line":9,"column":1}},"1":{"start":{"line":2,"column":4},"end":{"line":8,"column":5}},"2":{"start":{"line":3,"column":8},"end":{"line":3,"column":42}},"3":{"start":{"line":4,"column":11},"end":{"line":8,"column":5}},"4":{"start":{"line":5,"column":8},"end":{"line":5,"column":42}},"5":{"start":{"line":7,"column":8},"end":{"line":7,"column":28}},"6":{"start":{"line":11,"column":29},"end":{"line":13,"column":1}},"7":{"start":{"line":12,"column":4},"end":{"line":12,"column":46}},"8":{"start":{"line":15,"column":26},"end":{"line":17,"column":1}},"9":{"start":{"line":16,"column":4},"end":{"line":16,"column":30}},"10":{"start":{"line":21,"column":8},"end":{"line":21,"column":27}},"11":{"start":{"line":22,"column":8},"end":{"line":22,"column":25}},"12":{"start":{"line":25,"column":16},"end":{"line":33,"column":5}},"13":{"start":{"line":26,"column":8},"end":{"line":28,"column":9}},"14":{"start":{"line":27,"column":12},"end":{"line":27,"column":52}},"15":{"start":{"line":29,"column":8},"end":{"line":31,"column":9}},"16":{"start":{"line":30,"column":12},"end":{"line":30,"column":51}},"17":{"start":{"line":32,"column":8},"end":{"line":32,"column":21}},"18":{"start":{"line":35,"column":10},"end":{"line":42,"column":5}},"19":{"start":{"line":36,"column":25},"end":{"line":36,"column":41}},"20":{"start":{"line":37,"column":8},"end":{"line":41,"column":9}},"21":{"start":{"line":38,"column":12},"end":{"line":38,"column":40}},"22":{"start":{"line":40,"column":12},"end":{"line":40,"column":27}},"23":{"start":{"line":44,"column":16},"end":{"line":51,"column":5}},"24":{"start":{"line":45,"column":25},"end":{"line":45,"column":41}},"25":{"start":{"line":46,"column":8},"end":{"line":50,"column":9}},"26":{"start":{"line":47,"column":12},"end":{"line":47,"column":40}},"27":{"start":{"line":49,"column":12},"end":{"line":49,"column":27}},"28":{"start":{"line":53,"column":13},"end":{"line":64,"column":5}},"29":{"start":{"line":54,"column":8},"end":{"line":63,"column":9}},"30":{"start":{"line":55,"column":12},"end":{"line":55,"column":44}},"31":{"start":{"line":57,"column":29},"end":{"line":57,"column":45}},"32":{"start":{"line":58,"column":12},"end":{"line":62,"column":13}},"33":{"start":{"line":59,"column":16},"end":{"line":59,"column":44}},"34":{"start":{"line":61,"column":16},"end":{"line":61,"column":31}},"35":{"start":{"line":66,"column":15},"end":{"line":73,"column":5}},"36":{"start":{"line":67,"column":25},"end":{"line":67,"column":41}},"37":{"start":{"line":68,"column":8},"end":{"line":72,"column":9}},"38":{"start":{"line":69,"column":12},"end":{"line":69,"column":40}},"39":{"start":{"line":71,"column":12},"end":{"line":71,"column":27}}},"fnMap":{"0":{"name":"(anonymous_0)","decl":{"start":{"line":1,"column":28},"end":{"line":1,"column":29}},"loc":{"start":{"line":1,"column":39},"end":{"line":9,"column":1}},"line":1},"1":{"name":"(anonymous_1)","decl":{"start":{"line":11,"column":29},"end":{"line":11,"column":30}},"loc":{"start":{"line":11,"column":40},"end":{"line":13,"column":1}},"line":11},"2":{"name":"(anonymous_2)","decl":{"start":{"line":15,"column":26},"end":{"line":15,"column":27}},"loc":{"start":{"line":15,"column":37},"end":{"line":17,"column":1}},"line":15},"3":{"name":"(anonymous_3)","decl":{"start":{"line":20,"column":4},"end":{"line":20,"column":5}},"loc":{"start":{"line":20,"column":29},"end":{"line":23,"column":5}},"line":20},"4":{"name":"(anonymous_4)","decl":{"start":{"line":25,"column":16},"end":{"line":25,"column":17}},"loc":{"start":{"line":25,"column":22},"end":{"line":33,"column":5}},"line":25},"5":{"name":"(anonymous_5)","decl":{"start":{"line":35,"column":10},"end":{"line":35,"column":11}},"loc":{"start":{"line":35,"column":16},"end":{"line":42,"column":5}},"line":35},"6":{"name":"(anonymous_6)","decl":{"start":{"line":44,"column":16},"end":{"line":44,"column":17}},"loc":{"start":{"line":44,"column":22},"end":{"line":51,"column":5}},"line":44},"7":{"name":"(anonymous_7)","decl":{"start":{"line":53,"column":13},"end":{"line":53,"column":14}},"loc":{"start":{"line":53,"column":19},"end":{"line":64,"column":5}},"line":53},"8":{"name":"(anonymous_8)","decl":{"start":{"line":66,"column":15},"end":{"line":66,"column":16}},"loc":{"start":{"line":66,"column":21},"end":{"line":73,"column":5}},"line":66}},"branchMap":{"0":{"loc":{"start":{"line":2,"column":4},"end":{"line":8,"column":5}},"type":"if","locations":[{"start":{"line":2,"column":4},"end":{"line":8,"column":5}},{"start":{"line":4,"column":11},"end":{"line":8,"column":5}}],"line":2},"1":{"loc":{"start":{"line":4,"column":11},"end":{"line":8,"column":5}},"type":"if","locations":[{"start":{"line":4,"column":11},"end":{"line":8,"column":5}},{"start":{"line":6,"column":11},"end":{"line":8,"column":5}}],"line":4},"2":{"loc":{"start":{"line":26,"column":8},"end":{"line":28,"column":9}},"type":"if","locations":[{"start":{"line":26,"column":8},"end":{"line":28,"column":9}},{"start":{},"end":{}}],"line":26},"3":{"loc":{"start":{"line":29,"column":8},"end":{"line":31,"column":9}},"type":"if","locations":[{"start":{"line":29,"column":8},"end":{"line":31,"column":9}},{"start":{},"end":{}}],"line":29},"4":{"loc":{"start":{"line":37,"column":8},"end":{"line":41,"column":9}},"type":"if","locations":[{"start":{"line":37,"column":8},"end":{"line":41,"column":9}},{"start":{"line":39,"column":15},"end":{"line":41,"column":9}}],"line":37},"5":{"loc":{"start":{"line":46,"column":8},"end":{"line":50,"column":9}},"type":"if","locations":[{"start":{"line":46,"column":8},"end":{"line":50,"column":9}},{"start":{"line":48,"column":15},"end":{"line":50,"column":9}}],"line":46},"6":{"loc":{"start":{"line":54,"column":8},"end":{"line":63,"column":9}},"type":"if","locations":[{"start":{"line":54,"column":8},"end":{"line":63,"column":9}},{"start":{"line":56,"column":15},"end":{"line":63,"column":9}}],"line":54},"7":{"loc":{"start":{"line":58,"column":12},"end":{"line":62,"column":13}},"type":"if","locations":[{"start":{"line":58,"column":12},"end":{"line":62,"column":13}},{"start":{"line":60,"column":19},"end":{"line":62,"column":13}}],"line":58},"8":{"loc":{"start":{"line":68,"column":8},"end":{"line":72,"column":9}},"type":"if","locations":[{"start":{"line":68,"column":8},"end":{"line":72,"column":9}},{"start":{"line":70,"column":15},"end":{"line":72,"column":9}}],"line":68}},"s":{"0":1,"1":3,"2":1,"3":2,"4":1,"5":1,"6":1,"7":1,"8":1,"9":1,"10":13,"11":13,"12":13,"13":12,"14":4,"15":8,"16":4,"17":4,"18":13,"19":3,"20":3,"21":1,"22":2,"23":13,"24":3,"25":3,"26":1,"27":2,"28":13,"29":4,"30":1,"31":3,"32":3,"33":1,"34":2,"35":13,"36":3,"37":3,"38":1,"39":2},"f":{"0":3,"1":1,"2":1,"3":13,"4":12,"5":3,"6":3,"7":4,"8":3},"b":{"0":[1,2],"1":[1,1],"2":[4,8],"3":[4,4],"4":[1,2],"5":[1,2],"6":[1,3],"7":[1,2],"8":[1,2]},"_coverageSchema":"1a1c01bbd47fc00a2c39e90264f33305004495a9","hash":"a550088dfd72c27509631cb85a3936c4d0a91684"}
}
