TN:
SF:index.js
FN:1,(anonymous_0)
FN:11,(anonymous_1)
FN:15,(anonymous_2)
FN:20,(anonymous_3)
FN:25,(anonymous_4)
FN:35,(anonymous_5)
FN:44,(anonymous_6)
FN:53,(anonymous_7)
FN:66,(anonymous_8)
FNF:9
FNH:9
FNDA:3,(anonymous_0)
FNDA:1,(anonymous_1)
FNDA:1,(anonymous_2)
FNDA:13,(anonymous_3)
FNDA:12,(anonymous_4)
FNDA:3,(anonymous_5)
FNDA:3,(anonymous_6)
FNDA:4,(anonymous_7)
FNDA:3,(anonymous_8)
DA:1,1
DA:2,3
DA:3,1
DA:4,2
DA:5,1
DA:7,1
DA:11,1
DA:12,1
DA:15,1
DA:16,1
DA:21,13
DA:22,13
DA:25,13
DA:26,12
DA:27,4
DA:29,8
DA:30,4
DA:32,4
DA:35,13
DA:36,3
DA:37,3
DA:38,1
DA:40,2
DA:44,13
DA:45,3
DA:46,3
DA:47,1
DA:49,2
DA:53,13
DA:54,4
DA:55,1
DA:57,3
DA:58,3
DA:59,1
DA:61,2
DA:66,13
DA:67,3
DA:68,3
DA:69,1
DA:71,2
LF:40
LH:40
BRDA:2,0,0,1
BRDA:2,0,1,2
BRDA:4,1,0,1
BRDA:4,1,1,1
BRDA:26,2,0,4
BRDA:26,2,1,8
BRDA:29,3,0,4
BRDA:29,3,1,4
BRDA:37,4,0,1
BRDA:37,4,1,2
BRDA:46,5,0,1
BRDA:46,5,1,2
BRDA:54,6,0,1
BRDA:54,6,1,3
BRDA:58,7,0,1
BRDA:58,7,1,2
BRDA:68,8,0,1
BRDA:68,8,1,2
BRF:18
BRH:18
end_of_record
